[APW19980903_1073.htm]
***************** Gold Standard: ***********************

************************ System Result: ***************************
P/R/F:1.0/1.0/1.0; tpCount:0.0; fpCount:0.0; fnCount:0.0
[APW19980604_0787.htm]
***************** Gold Standard: ***********************

************************ System Result: ***************************
	FP => Khun Mechai:[1174,1185] score:1.000000; title:*null*; score:1.000000
	FP => Artit Krichphiphat:[1070,1088] score:1.000000; title:*null*; score:1.000000
P/R/F:0.0/1.0/0.0; tpCount:0.0; fpCount:2.0; fnCount:0.0
[APW19990203_0315.htm]
***************** Gold Standard: ***********************

************************ System Result: ***************************
	FP => Museum To Return:[3,19] score:1.000000; title:*null*; score:1.000000
	FP => Stolen Works

  LOS ANGELES:[22,49] score:1.000000; title:*null*; score:1.000000
P/R/F:0.0/1.0/0.0; tpCount:0.0; fpCount:2.0; fnCount:0.0
[APW19981001_0866.htm]
***************** Gold Standard: ***********************

************************ System Result: ***************************
	FP => Gusztav Zoltai:[878,892] score:1.000000; title:*null*; score:1.000000
	FP => Federation of  Hungarian Jewish   Communities:[107,152] score:1.000000; title:*null*; score:1.000000
P/R/F:0.0/1.0/0.0; tpCount:0.0; fpCount:2.0; fnCount:0.0
[APW19980627_0596.htm]
***************** Gold Standard: ***********************

************************ System Result: ***************************
	FP => Nikhil Chakravarty:[3,21] score:1.000000; title:*null*; score:1.000000
	FP => Nikhil Chakravarty:[70,88] score:1.000000; title:*null*; score:1.000000
P/R/F:0.0/1.0/0.0; tpCount:0.0; fpCount:2.0; fnCount:0.0
[APW19981113_0500.htm]
***************** Gold Standard: ***********************

************************ System Result: ***************************
	FP => Palestinian  Civil Aviation   Authority:[184,223] score:1.000000; title:*null*; score:1.000000
	FP => Fayez Zeidan:[743,755] score:1.000000; title:*null*; score:1.000000
	FP => Palestinian  Civil Aviation Authority:[769,806] score:1.000000; title:*null*; score:1.000000
P/R/F:0.0/1.0/0.0; tpCount:0.0; fpCount:3.0; fnCount:0.0
[APW19981119_0585.htm]
***************** Gold Standard: ***********************

************************ System Result: ***************************
	FP => Onetiu:[936,942] score:1.000000; title:*null*; score:1.000000
	FP => Nicolae Onetiu:[353,367] score:1.000000; title:*null*; score:1.000000
	FP => Onetiu:[554,560] score:1.000000; title:*null*; score:1.000000
P/R/F:0.0/1.0/0.0; tpCount:0.0; fpCount:3.0; fnCount:0.0
[APW19981113_0729.htm]
***************** Gold Standard: ***********************

************************ System Result: ***************************
	FP => Palestinian  Civil Aviation   Authority:[187,226] score:1.000000; title:*null*; score:1.000000
	FP => Fayez Zeidan:[755,767] score:1.000000; title:*null*; score:1.000000
	FP => Palestinian  Civil Aviation Authority:[781,818] score:1.000000; title:*null*; score:1.000000
P/R/F:0.0/1.0/0.0; tpCount:0.0; fpCount:3.0; fnCount:0.0
[APW19981109_1172.htm]
***************** Gold Standard: ***********************

************************ System Result: ***************************
P/R/F:1.0/1.0/1.0; tpCount:0.0; fpCount:0.0; fnCount:0.0
[APW19981109_0464.htm]
***************** Gold Standard: ***********************

************************ System Result: ***************************
	FP => U.S.-funded  Radio Free Europe:[137,167] score:1.000000; title:*null*; score:1.000000
	FP => Communist  East:[1212,1227] score:1.000000; title:*null*; score:1.000000
P/R/F:0.0/1.0/0.0; tpCount:0.0; fpCount:2.0; fnCount:0.0
[APW19980709_0263.htm]
***************** Gold Standard: ***********************

************************ System Result: ***************************
	FP => Electricity of  Vietnam:[332,355] score:1.000000; title:*null*; score:1.000000
P/R/F:0.0/1.0/0.0; tpCount:0.0; fpCount:1.0; fnCount:0.0
[APW19980824_0827.htm]
***************** Gold Standard: ***********************

************************ System Result: ***************************
	FP => Pini Shis:[1534,1543] score:1.000000; title:*null*; score:1.000000
	FP => Nels Hawkinson:[1412,1426] score:1.000000; title:*null*; score:1.000000
P/R/F:0.0/1.0/0.0; tpCount:0.0; fpCount:2.0; fnCount:0.0
[APW19981010_0354.htm]
***************** Gold Standard: ***********************

************************ System Result: ***************************
P/R/F:1.0/1.0/1.0; tpCount:0.0; fpCount:0.0; fnCount:0.0
[APW19981022_0710.htm]
***************** Gold Standard: ***********************

************************ System Result: ***************************
P/R/F:1.0/1.0/1.0; tpCount:0.0; fpCount:0.0; fnCount:0.0
[APW19980603_1617.htm]
***************** Gold Standard: ***********************

************************ System Result: ***************************
	FP => Hardcore Poor:[176,189] score:1.000000; title:*null*; score:1.000000
	FP => Chembong Assemblyman Firdaus Harun:[1206,1240] score:1.000000; title:*null*; score:1.000000
	FP => Hassan Nawawi Abdul Rahman:[1278,1304] score:1.000000; title:*null*; score:1.000000
	FP => Datuk Annuar Musa:[279,296] score:1.000000; title:*null*; score:1.000000
	FP => Kuala  Lukut:[1092,1104] score:1.000000; title:*null*; score:1.000000
P/R/F:0.0/1.0/0.0; tpCount:0.0; fpCount:5.0; fnCount:0.0
[APW19980808_0196.htm]
***************** Gold Standard: ***********************

************************ System Result: ***************************
P/R/F:1.0/1.0/1.0; tpCount:0.0; fpCount:0.0; fnCount:0.0
[APW19981022_0630.htm]
***************** Gold Standard: ***********************

************************ System Result: ***************************
	FP => Toshinori Kanemoto:[327,345] score:1.000000; title:*null*; score:1.000000
P/R/F:0.0/1.0/0.0; tpCount:0.0; fpCount:1.0; fnCount:0.0
[APW19990526_0131.htm]
***************** Gold Standard: ***********************

************************ System Result: ***************************
	FP => Alaska Hiker Killed:[3,22] score:1.000000; title:*null*; score:1.000000
	FP => Bear  

  ANCHORAGE:[27,46] score:1.000000; title:*null*; score:1.000000
	FP => Audelio Luis Cortes:[1215,1234] score:1.000000; title:*null*; score:1.000000
	FP => Kenneth Cates:[188,201] score:1.000000; title:*null*; score:1.000000
	FP => Bruce Bartley:[588,601] score:1.000000; title:*null*; score:1.000000
P/R/F:0.0/1.0/0.0; tpCount:0.0; fpCount:5.0; fnCount:0.0
[APW19981210_0433.htm]
***************** Gold Standard: ***********************

************************ System Result: ***************************
	FP => Syrian-Iranian Supreme Committee:[1127,1159] score:1.000000; title:*null*; score:1.000000
P/R/F:0.0/1.0/0.0; tpCount:0.0; fpCount:1.0; fnCount:0.0
[APW19980614_0031.htm]
***************** Gold Standard: ***********************

************************ System Result: ***************************
	FP => Financial Restructuring Authority:[514,547] score:1.000000; title:*null*; score:1.000000
	FP => Thawee Nandakwang:[1108,1125] score:1.000000; title:*null*; score:1.000000
	FP => Hongjorn Samae-ngamjaroen:[984,1009] score:1.000000; title:*null*; score:1.000000
P/R/F:0.0/1.0/0.0; tpCount:0.0; fpCount:3.0; fnCount:0.0
[APW19990519_0141.htm]
***************** Gold Standard: ***********************

************************ System Result: ***************************
	FP => Astronomers   Spot Storm:[4,28] score:1.000000; title:*null*; score:1.000000
P/R/F:0.0/1.0/0.0; tpCount:0.0; fpCount:1.0; fnCount:0.0
[APW19980611_0774.htm]
***************** Gold Standard: ***********************

************************ System Result: ***************************
	FP => International Police   Organization:[277,312] score:1.000000; title:*null*; score:1.000000
	FP => Jean Pierre Jouanny:[1158,1177] score:1.000000; title:*null*; score:1.000000
	FP => Tamas Simon:[671,682] score:1.000000; title:*null*; score:1.000000
P/R/F:0.0/1.0/0.0; tpCount:0.0; fpCount:3.0; fnCount:0.0
[APW19990827_0184.htm]
***************** Gold Standard: ***********************

************************ System Result: ***************************
	FP => O'Hare Closes Terminal for Security

 CHICAGO:[3,48] score:1.000000; title:*null*; score:1.000000
	FP => Matthew Triaca:[981,995] score:1.000000; title:*null*; score:1.000000
	FP => Kristina Price:[284,298] score:1.000000; title:*null*; score:1.000000
P/R/F:0.0/1.0/0.0; tpCount:0.0; fpCount:3.0; fnCount:0.0
[APW19981130_0743.htm]
***************** Gold Standard: ***********************

************************ System Result: ***************************
P/R/F:1.0/1.0/1.0; tpCount:0.0; fpCount:0.0; fnCount:0.0
[APW20000303_0067.htm]
***************** Gold Standard: ***********************

************************ System Result: ***************************
	FP => Southerain  Califorainia:[983,1007] score:1.000000; title:*null*; score:1.000000
P/R/F:0.0/1.0/0.0; tpCount:0.0; fpCount:1.0; fnCount:0.0
[APW19980930_0284.htm]
***************** Gold Standard: ***********************

************************ System Result: ***************************
	FP => Jean Forneris:[831,844] score:1.000000; title:*null*; score:1.000000
	FP => Fine Arts Museum of  Nice:[428,453] score:1.000000; title:*null*; score:1.000000
	FP => Alley of the Poplars:[663,683] score:1.000000; title:*null*; score:1.000000
	FP => Cliffs of Dieppe:[606,622] score:1.000000; title:*null*; score:1.000000
P/R/F:0.0/1.0/0.0; tpCount:0.0; fpCount:4.0; fnCount:0.0
[APW19980930_0522.htm]
***************** Gold Standard: ***********************

************************ System Result: ***************************
	FP => Tehran   International Trade Fair:[712,745] score:1.000000; title:*null*; score:1.000000
	FP => Mohammed Mehdi Saleh:[241,261] score:1.000000; title:*null*; score:1.000000
	FP => Khosrawi:[343,351] score:1.000000; title:*null*; score:1.000000
P/R/F:0.0/1.0/0.0; tpCount:0.0; fpCount:3.0; fnCount:0.0
[APW19980816_0994.htm]
***************** Gold Standard: ***********************

************************ System Result: ***************************
	FP => Gary Allcock:[222,234] score:1.000000; title:*null*; score:1.000000
	FP => Kate Darrow:[829,840] score:1.000000; title:*null*; score:1.000000
	FP => Auckland   Art Gallery:[633,655] score:1.000000; title:*null*; score:1.000000
	FP => Lower Wellesley Gallery:[1039,1062] score:1.000000; title:*null*; score:1.000000
	FP => James) Tissot:[376,389] score:1.000000; title:*null*; score:1.000000
P/R/F:0.0/1.0/0.0; tpCount:0.0; fpCount:5.0; fnCount:0.0
[APW19981109_0140.htm]
***************** Gold Standard: ***********************

************************ System Result: ***************************
	FP => Communist    East:[1254,1271] score:1.000000; title:*null*; score:1.000000
	FP => U.S.-funded  Radio Free Europe:[167,197] score:1.000000; title:*null*; score:1.000000
P/R/F:0.0/1.0/0.0; tpCount:0.0; fpCount:2.0; fnCount:0.0
[APW19981106_0920.htm]
***************** Gold Standard: ***********************

************************ System Result: ***************************
	FP => HydroKraft:[396,406] score:1.000000; title:*null*; score:1.000000
P/R/F:0.0/1.0/0.0; tpCount:0.0; fpCount:1.0; fnCount:0.0
[APW19980603_0791.htm]
***************** Gold Standard: ***********************

************************ System Result: ***************************
	FP => Radio Surgery   Institute:[297,322] score:1.000000; title:*null*; score:1.000000
	FP => Srisiam Hospital:[230,246] score:1.000000; title:*null*; score:1.000000
	FP => Artero Venous  Malformation:[1081,1108] score:1.000000; title:*null*; score:1.000000
P/R/F:0.0/1.0/0.0; tpCount:0.0; fpCount:3.0; fnCount:0.0
[APW19990827_0137.htm]
***************** Gold Standard: ***********************

************************ System Result: ***************************
	FP => Bank Fires Seven for E-Mail Misuse

 CHARLOTTE:[3,49] score:1.000000; title:*null*; score:1.000000
	FP => Sandy Deem:[303,313] score:1.000000; title:*null*; score:1.000000
	FP => First Union   Corp.:[59,78] score:1.000000; title:*null*; score:1.000000
P/R/F:0.0/1.0/0.0; tpCount:0.0; fpCount:3.0; fnCount:0.0
[APW19981109_1089.htm]
***************** Gold Standard: ***********************

************************ System Result: ***************************
	FP => Pat Rousseau:[646,658] score:1.000000; title:*null*; score:1.000000
P/R/F:0.0/1.0/0.0; tpCount:0.0; fpCount:1.0; fnCount:0.0
[APW19981120_1056.htm]
***************** Gold Standard: ***********************

************************ System Result: ***************************
	FP => Jan D'Oliveira:[222,236] score:1.000000; title:*null*; score:1.000000
P/R/F:0.0/1.0/0.0; tpCount:0.0; fpCount:1.0; fnCount:0.0
[APW20000312_0050.htm]
***************** Gold Standard: ***********************

************************ System Result: ***************************
	FP => Rodolfo Garcia:[69,83] score:1.000000; title:*null*; score:1.000000
	FP => Associated Press office:[288,311] score:1.000000; title:*null*; score:1.000000
	FP => Ana Leonor Hernandez:[1438,1458] score:1.000000; title:*null*; score:1.000000
	FP => Agencia de Noticias Nueva Nicaragua:[465,500] score:1.000000; title:*null*; score:1.000000
	FP => Eloy Aguilar:[1050,1062] score:1.000000; title:*null*; score:1.000000
	FP => Nicaragua Reporter Garcia Dies

 MANAGUA:[6,46] score:1.000000; title:*null*; score:1.000000
P/R/F:0.0/1.0/0.0; tpCount:0.0; fpCount:6.0; fnCount:0.0
[APW19980624_0607.htm]
***************** Gold Standard: ***********************

************************ System Result: ***************************
	FP => Abdullah al-Najafi:[311,329] score:1.000000; title:*null*; score:1.000000
	FP => Iranian POWs:[1138,1150] score:1.000000; title:*null*; score:1.000000
P/R/F:0.0/1.0/0.0; tpCount:0.0; fpCount:2.0; fnCount:0.0
[APW19981109_0440.htm]
***************** Gold Standard: ***********************

************************ System Result: ***************************
	FP => Communist   East:[1218,1234] score:1.000000; title:*null*; score:1.000000
	FP => U.S.-funded  Radio Free Europe:[137,167] score:1.000000; title:*null*; score:1.000000
P/R/F:0.0/1.0/0.0; tpCount:0.0; fpCount:2.0; fnCount:0.0
[APW19980917_0818.htm]
***************** Gold Standard: ***********************

************************ System Result: ***************************
P/R/F:1.0/1.0/1.0; tpCount:0.0; fpCount:0.0; fnCount:0.0
[APW19981109_0152.htm]
***************** Gold Standard: ***********************

************************ System Result: ***************************
	FP => Communist  East:[1248,1263] score:1.000000; title:*null*; score:1.000000
	FP => U.S.-funded  Radio Free Europe:[173,203] score:1.000000; title:*null*; score:1.000000
P/R/F:0.0/1.0/0.0; tpCount:0.0; fpCount:2.0; fnCount:0.0
[APW19980615_0417.htm]
***************** Gold Standard: ***********************

************************ System Result: ***************************
	FP => Jonathan Holborow:[1379,1396] score:1.000000; title:*null*; score:1.000000
	FP => Actress  Brooke Shields:[76,99] score:1.000000; title:*null*; score:1.000000
	FP => Claire Shields:[1177,1191] score:1.000000; title:*null*; score:1.000000
P/R/F:0.0/1.0/0.0; tpCount:0.0; fpCount:3.0; fnCount:0.0
[APW19980610_0111.htm]
***************** Gold Standard: ***********************

************************ System Result: ***************************
	FP => Sibneft   Company:[241,258] score:1.000000; title:*null*; score:1.000000
	FP => Leninsk-Kuzntesky:[338,355] score:1.000000; title:*null*; score:1.000000
	FP => Yuri Zinin:[216,226] score:1.000000; title:*null*; score:1.000000
P/R/F:0.0/1.0/0.0; tpCount:0.0; fpCount:3.0; fnCount:0.0
[APW19981026_0096.htm]
***************** Gold Standard: ***********************

************************ System Result: ***************************
	FP => Thabo Masebe:[917,929] score:1.000000; title:*null*; score:1.000000
	FP => South African Broadcasting Corp:[669,700] score:1.000000; title:*null*; score:1.000000
P/R/F:0.0/1.0/0.0; tpCount:0.0; fpCount:2.0; fnCount:0.0
[APW19980624_0436.htm]
***************** Gold Standard: ***********************

************************ System Result: ***************************
	FP => Abdullah al-Najafi:[314,332] score:1.000000; title:*null*; score:1.000000
	FP => Iranian POWs:[1144,1156] score:1.000000; title:*null*; score:1.000000
P/R/F:0.0/1.0/0.0; tpCount:0.0; fpCount:2.0; fnCount:0.0
[APW19980713_0449.htm]
***************** Gold Standard: ***********************

************************ System Result: ***************************
	FP => Juergen Weber:[426,439] score:1.000000; title:*null*; score:1.000000
P/R/F:0.0/1.0/0.0; tpCount:0.0; fpCount:1.0; fnCount:0.0
[APW19980811_0512.htm]
***************** Gold Standard: ***********************

************************ System Result: ***************************
	FP => Masashi Toma:[1006,1018] score:1.000000; title:*null*; score:1.000000
	FP => Yasuo Hirose:[1135,1147] score:1.000000; title:*null*; score:1.000000
	FP => Niigata City   Hospital:[1169,1192] score:1.000000; title:*null*; score:1.000000
	FP => Xyence Co.:[440,450] score:1.000000; title:*null*; score:1.000000
P/R/F:0.0/1.0/0.0; tpCount:0.0; fpCount:4.0; fnCount:0.0
[APW19980625_1136.htm]
***************** Gold Standard: ***********************

************************ System Result: ***************************
	FP => Air Afrique    Boeing:[60,81] score:1.000000; title:*null*; score:1.000000
	FP => Lagos    Guardian:[239,256] score:1.000000; title:*null*; score:1.000000
P/R/F:0.0/1.0/0.0; tpCount:0.0; fpCount:2.0; fnCount:0.0
[APW19990120_0179.htm]
***************** Gold Standard: ***********************

************************ System Result: ***************************
	FP => Sotheby's Announces Internet Site

 NEW YORK:[3,47] score:1.000000; title:*null*; score:1.000000
	FP => sothebys.com:[295,307] score:1.000000; title:*null*; score:1.000000
P/R/F:0.0/1.0/0.0; tpCount:0.0; fpCount:2.0; fnCount:0.0
[APW19981020_1367.htm]
***************** Gold Standard: ***********************

************************ System Result: ***************************
	FP => Edward White   II:[216,233] score:1.000000; title:*null*; score:1.000000
	FP => Soviet  Soyuz:[436,449] score:1.000000; title:*null*; score:1.000000
P/R/F:0.0/1.0/0.0; tpCount:0.0; fpCount:2.0; fnCount:0.0
[APW19980620_0458.htm]
***************** Gold Standard: ***********************

************************ System Result: ***************************
	FP => Iranian POWs:[211,223] score:1.000000; title:*null*; score:1.000000
	FP => Manuel Bessler:[902,916] score:1.000000; title:*null*; score:1.000000
	FP => Abdullah al-Najafi:[346,364] score:1.000000; title:*null*; score:1.000000
P/R/F:0.0/1.0/0.0; tpCount:0.0; fpCount:3.0; fnCount:0.0
[APW19981215_1083.htm]
***************** Gold Standard: ***********************

************************ System Result: ***************************
	FP => Dresden    Zoo:[72,86] score:1.000000; title:*null*; score:1.000000
	FP => Norbert Otto:[1110,1122] score:1.000000; title:*null*; score:1.000000
	FP => Hubert Luecker:[281,295] score:1.000000; title:*null*; score:1.000000
P/R/F:0.0/1.0/0.0; tpCount:0.0; fpCount:3.0; fnCount:0.0
