[Bus3683270.txt]
***************** Gold Standard: ***********************
	FN => Bob Nardelli:[3277,3289]; score:1.000000; title:Robert Nardelli; score:1.000000
 => Nikkei stock average:[4839,4859]; score:1.000000; title:Nikkei 225; score:1.000000
	FN => NEW YORK:[105,113]; score:1.000000; title:New York City; score:1.000000
 => Wall Street:[662,673]; score:1.000000; title:Wall Street; score:1.000000
 => Home Depot:[3563,3573]; score:1.000000; title:Home Depot; score:1.000000
	FN => Russell 2000 index:[4737,4755]; score:1.000000; title:Russell 2000; score:1.000000
	FN => ISM:[2573,2576]; score:1.000000; title:Institute for Supply Management; score:1.000000
 => New York Mercantile Exchange:[2158,2186]; score:1.000000; title:New York Mercantile Exchange; score:1.000000
	FN => DAX:[4932,4935]; score:1.000000; title:DAX; score:1.000000
 => Wal-Mart Stores Inc.:[315,335]; score:1.000000; title:Wal-Mart; score:1.000000
	FN => Dow Jones:[417,426]; score:1.000000; title:Dow Jones Industrial Average; score:1.000000
 => Gerald R. Ford:[2366,2380]; score:1.000000; title:Gerald Ford; score:1.000000
 => Dow:[1115,1118]; score:1.000000; title:Dow Jones Industrial Average; score:1.000000
 => Standard & Poor’s 500:[1328,1349]; score:1.000000; title:S&P 500; score:1.000000
	FN => Institute for Supply Management:[750,781]; score:1.000000; title:Institute for Supply Management; score:1.000000
 => United States:[2239,2252]; score:1.000000; title:United States; score:1.000000
 => Japan:[4831,4836]; score:1.000000; title:Japan; score:1.000000
	FN => Nasdaq:[1269,1275]; score:1.000000; title:NASDAQ; score:1.000000
 => Wal-Mart Stores Inc.:[3411,3431]; score:1.000000; title:Wal-Mart; score:1.000000
 => Goodyear Tire & Rubber Co:[4026,4051]; score:1.000000; title:Goodyear Tire & Rubber; score:1.000000
 => Automatic Data Processing Inc.:[1741,1771]; score:1.000000; title:Automatic Data Processing; score:1.000000
	FN => ISM:[855,858]; score:1.000000; title:Institute for Supply Management; score:1.000000
	FN => CAC-40:[4976,4982]; score:1.000000; title:CAC 40; score:1.000000
 => FTSE 100:[4889,4897]; score:1.000000; title:FTSE 100 Index; score:1.000000
 => Home Depot:[69,79]; score:1.000000; title:Home Depot; score:1.000000
 => Sirius Satellite Radio Inc:[3854,3880]; score:1.000000; title:Sirius Satellite Radio; score:1.000000
 => Home Depot:[518,528]; score:1.000000; title:Home Depot; score:1.000000
 => New York Stock Exchange:[4546,4569]; score:1.000000; title:New York Stock Exchange; score:1.000000
 => Wall Street:[2382,2393]; score:1.000000; title:Wall Street; score:1.000000
 => Germany:[4922,4929]; score:1.000000; title:Germany; score:1.000000
 => U.S.:[4279,4283]; score:1.000000; title:United States; score:1.000000
 => Wal-Mart:[3610,3618]; score:1.000000; title:Wal-Mart; score:1.000000
 => France:[4967,4973]; score:1.000000; title:France; score:1.000000
 => Commerce Department:[2999,3018]; score:1.000000; title:United States Department of Commerce; score:1.000000
	FN => A.G. Edwards:[978,990]; score:1.000000; title:A.G. Edwards; score:1.000000
 => Amgen Inc:[3767,3776]; score:1.000000; title:Amgen; score:1.000000
 => Amgen:[3820,3825]; score:1.000000; title:Amgen; score:1.000000
 => Britain:[4879,4886]; score:1.000000; title:Great Britain; score:1.000000
	FN => Lennar Corp.:[4253,4265]; score:1.000000; title:Lennar Corporation; score:1.000000
 => ADP:[1772,1775]; score:1.000000; title:Automatic Data Processing; score:1.000000
 => New Year:[4710,4718]; score:1.000000; title:New Year; score:1.000000
	FN => Lennar:[4435,4441]; score:1.000000; title:Lennar Corporation; score:1.000000
 => Nasdaq:[1418,1424]; score:1.000000; title:NASDAQ; score:1.000000
 => Home Depot Inc:[295,309]; score:1.000000; title:Home Depot; score:1.000000
	FN => ISM:[1667,1670]; score:1.000000; title:Institute for Supply Management; score:1.000000

************************ System Result: ***************************
	FP => report:[1699,1705]; score:1.000000; title:Report; score:0.059884
	FP => year:[2011,2015]; score:1.000000; title:Year; score:0.045552
	FP => record:[2965,2971]; score:1.000000; title:Gramophone_record; score:0.026783
	FP => month:[1892,1897]; score:1.000000; title:Month; score:0.050086
	FP => percent:[1604,1611]; score:1.000000; title:Percentage; score:0.043843
	FP => investors:[176,185]; score:1.000000; title:Investor; score:0.063579
	FP => cents:[3834,3839]; score:1.000000; title:Quarter_(United_States_coin); score:0.020345
	FP => quarter:[4345,4352]; score:1.000000; title:Academic_term; score:0.024982
 => United States:[2239,2252]; score:1.000000; title:United_States; score:0.049544
	FP => rose:[1254,1258]; score:1.000000; title:Rose; score:0.057089
	FP => surge:[57,62]; score:1.000000; title:Iraq_War_troop_surge_of_2007; score:0.022413
	FP => Goldman:[3194,3201]; score:1.000000; title:Goldman_Sachs; score:0.082206
	FP => laden:[1412,1417]; score:1.000000; title:Osama_bin_Laden; score:0.041674
	FP => aftermath:[2451,2460]; score:1.000000; title:Aftermath_Entertainment; score:0.014088
	FP => percent:[3642,3649]; score:1.000000; title:Percentage; score:0.043843
	FP => solid:[201,206]; score:1.000000; title:Solid; score:0.009271
	FP => companies:[4767,4776]; score:1.000000; title:Company; score:0.046572
	FP => less-than:[2891,2900]; score:1.000000; title:Inequality_(mathematics); score:0.004145
	FP => drove:[407,412]; score:1.000000; title:Drovers'_road; score:0.012523
	FP => percent:[1586,1593]; score:1.000000; title:Percentage; score:0.043843
	FP => cut:[1982,1985]; score:1.000000; title:Film_editing; score:0.024075
	FP => rose:[3826,3830]; score:1.000000; title:Rose; score:0.057089
 => France:[4967,4973]; score:1.000000; title:France; score:0.043703
	FP => performance:[599,610]; score:1.000000; title:Performance; score:0.027093
	FP => ISM:[855,858]; score:1.000000; title:International_Solidarity_Movement; score:0.012050
	FP => momentum:[3253,3261]; score:1.000000; title:Spectator_sport; score:0.013695
	FP => closed:[2318,2324]; score:1.000000; title:Closed_set; score:0.000777
	FP => combat:[3798,3804]; score:1.000000; title:Combat; score:0.024256
	FP => activity:[3042,3050]; score:1.000000; title:Radioactive_decay; score:0.022251
	FP => issues:[4494,4500]; score:1.000000; title:Issues_(Korn_album); score:0.006307
	FP => anemic:[4683,4689]; score:1.000000; title:Anemia; score:0.024392
	FP => base:[3966,3970]; score:1.000000; title:Baseball_field; score:0.025262
	FP => fell:[1807,1811]; score:1.000000; title:Fell; score:0.007238
	FP => strong:[376,382]; score:1.000000; title:Tom_Strong; score:0.008656
	FP => November:[2722,2730]; score:1.000000; title:November_12; score:0.023779
	FP => trading:[1102,1109]; score:1.000000; title:Trader_(finance); score:0.082762
	FP => cents:[3890,3895]; score:1.000000; title:Quarter_(United_States_coin); score:0.020345
	FP => market:[3154,3160]; score:1.000000; title:Market_capitalization; score:0.105425
 => Nasdaq:[1418,1424]; score:1.000000; title:NASDAQ; score:0.115538
	FP => economy:[223,230]; score:1.000000; title:Economy; score:0.055702
	FP => service:[3938,3945]; score:1.000000; title:Service_(economics); score:0.060494
	FP => rose:[4860,4864]; score:1.000000; title:Rose; score:0.057089
	FP => outnumbered:[4501,4512]; score:1.000000; title:Outnumbered; score:0.009412
	FP => month:[2988,2993]; score:1.000000; title:Month; score:0.050086
	FP => year:[25,29]; score:1.000000; title:Year; score:0.045552
	FP => closed:[4898,4904]; score:1.000000; title:Closed_set; score:0.000777
	FP => percent:[3722,3729]; score:1.000000; title:Percentage; score:0.043843
	FP => activity:[2945,2953]; score:1.000000; title:Radioactive_decay; score:0.022251
	FP => weak:[1683,1687]; score:1.000000; title:Weakness; score:0.010570
	FP => construction:[895,907]; score:1.000000; title:Construction; score:0.050323
	FP => expected:[804,812]; score:1.000000; title:Expected_value; score:0.039382
	FP => drugs:[3789,3794]; score:1.000000; title:Drug; score:0.029245
 => Automatic Data Processing Inc.:[1741,1771]; score:1.000000; title:Automatic_Data_Processing; score:0.023154
	FP => word:[508,512]; score:1.000000; title:Microsoft_Word; score:0.014818
	FP => employment:[1688,1698]; score:1.000000; title:Employment; score:0.042237
	FP => word:[2559,2563]; score:1.000000; title:Microsoft_Word; score:0.014818
	FP => mark:[2336,2340]; score:1.000000; title:Deutsche_Mark; score:0.041118
	FP => Light:[2100,2105]; score:1.000000; title:Light; score:0.016707
	FP => subscriber:[3955,3965]; score:1.000000; title:Subscription_business_model; score:0.023422
	FP => oil prices:[352,362]; score:1.000000; title:Price_of_petroleum; score:0.039764
 => Wal-Mart Stores Inc.:[315,335]; score:1.000000; title:Walmart; score:0.051487
	FP => percent:[1141,1148]; score:1.000000; title:Percentage; score:0.043843
	FP => strike:[4179,4185]; score:1.000000; title:Strike_action; score:0.053798
	FP => start:[7,12]; score:1.000000; title:Starting_lineup; score:0.035487
	FP => year:[1554,1558]; score:1.000000; title:Year; score:0.045552
 => Germany:[4922,4929]; score:1.000000; title:Germany; score:0.047894
	FP => report:[708,714]; score:1.000000; title:Report; score:0.059884
 => Wal-Mart Stores Inc.:[3411,3431]; score:1.000000; title:Walmart; score:0.051487
	FP => work:[2534,2538]; score:1.000000; title:Workington; score:0.018465
 => Home Depot:[69,79]; score:1.000000; title:The_Home_Depot; score:0.034769
	FP => rose:[3882,3886]; score:1.000000; title:Rose; score:0.057089
	FP => annual:[3087,3093]; score:1.000000; title:Annual_report; score:0.050738
	FP => market:[3225,3231]; score:1.000000; title:Market_capitalization; score:0.105425
	FP => chief executive:[544,559]; score:1.000000; title:Chief_executive_officer; score:0.062844
	FP => weaker:[4240,4246]; score:1.000000; title:Weakness; score:0.010570
	FP => Stocks:[465,471]; score:1.000000; title:Stocks; score:0.081249
	FP => trading:[17,24]; score:1.000000; title:Trader_(finance); score:0.082762
	FP => report:[2774,2780]; score:1.000000; title:Report; score:0.059884
	FP => flat:[3530,3534]; score:1.000000; title:Apartment; score:0.031368
	FP => positive:[3356,3364]; score:1.000000; title:Positive_law; score:0.001244
	FP => expected:[2901,2909]; score:1.000000; title:Expected_value; score:0.039382
	FP => chief executive:[80,95]; score:1.000000; title:Chief_executive_officer; score:0.062844
	FP => signs:[4392,4397]; score:1.000000; title:Signs_(film); score:0.011272
	FP => manufacturing sector:[2700,2720]; score:1.000000; title:Secondary_sector_of_the_economy; score:0.004506
	FP => big:[276,279]; score:1.000000; title:London_Biggin_Hill_Airport; score:0.005795
	FP => trading:[448,455]; score:1.000000; title:Trader_(finance); score:0.082762
	FP => currencies:[2061,2071]; score:1.000000; title:Currency; score:0.057941
	FP => holiday:[4721,4728]; score:1.000000; title:Holiday; score:0.028573
	FP => sharp:[1311,1316]; score:1.000000; title:Sharp_Corporation; score:0.034307
 => New York Mercantile Exchange:[2158,2186]; score:1.000000; title:New_York_Mercantile_Exchange; score:0.081468
 => Gerald R. Ford:[2366,2380]; score:1.000000; title:Gerald_Ford; score:0.034805
	FP => years:[579,584]; score:1.000000; title:Year; score:0.045552
 => Standard & Poor’s 500:[1328,1349]; score:1.000000; title:S&P_500; score:0.135890
 => Japan:[4831,4836]; score:1.000000; title:Japan; score:0.048757
	FP => percent:[4798,4805]; score:1.000000; title:Percentage; score:0.043843
	FP => good:[3241,3245]; score:1.000000; title:Good_(economics); score:0.042511
	FP => rally:[35,40]; score:1.000000; title:Rallying; score:0.021780
 => Amgen Inc.:[3767,3777]; score:1.000000; title:Amgen; score:0.034632
	FP => mixed:[2035,2040]; score:1.000000; title:Mixed_media; score:0.005363
 => New York Stock Exchange:[4546,4569]; score:1.000000; title:New_York_Stock_Exchange; score:0.127800
	FP => expected:[882,890]; score:1.000000; title:Expected_value; score:0.039382
	FP => today:[1072,1077]; score:1.000000; title:Today_(NBC_program); score:0.047306
	FP => investors:[1630,1639]; score:1.000000; title:Investor; score:0.063579
	FP => afternoon:[1092,1101]; score:1.000000; title:Afternoon_(magazine); score:0.008629
	FP => work:[3757,3761]; score:1.000000; title:Workington; score:0.018465
 => Home Depot:[518,528]; score:1.000000; title:The_Home_Depot; score:0.034769
	FP => yield:[1528,1533]; score:1.000000; title:Yield_(finance); score:0.046117
	FP => expansion:[2683,2692]; score:1.000000; title:Economic_growth; score:0.066835
	FP => start:[499,504]; score:1.000000; title:Starting_lineup; score:0.035487
	FP => CAC:[4976,4979]; score:1.000000; title:California_Arts_Council; score:0.008082
 => Britain:[4879,4886]; score:1.000000; title:Great_Britain; score:0.049304
	FP => rose:[3460,3464]; score:1.000000; title:Rose; score:0.057089
	FP => hiatus:[2420,2426]; score:1.000000; title:Hiatus_(television); score:0.009074
	FP => dollar:[2024,2030]; score:1.000000; title:Dollar; score:0.034193
	FP => interest rate:[1968,1981]; score:1.000000; title:Federal_funds_rate; score:0.076214
	FP => hurt:[4195,4199]; score:1.000000; title:William_Hurt; score:0.017999
 => Wall Street:[662,673]; score:1.000000; title:Wall_Street; score:0.086692
	FP => expected:[923,931]; score:1.000000; title:Expected_value; score:0.039382
	FP => gains:[650,655]; score:1.000000; title:Gain; score:0.011101
	FP => stocks:[2848,2854]; score:1.000000; title:Stocks; score:0.081249
	FP => topping:[3478,3485]; score:1.000000; title:Topping_out; score:0.016698
	FP => rose:[1425,1429]; score:1.000000; title:Rose; score:0.057089
	FP => percent:[4870,4877]; score:1.000000; title:Percentage; score:0.043843
 => Home Depot:[3563,3573]; score:1.000000; title:The_Home_Depot; score:0.034769
	FP => news:[1671,1675]; score:1.000000; title:News_Corporation; score:0.047285
 => Goodyear Tire & Rubber:[4026,4048]; score:1.000000; title:Goodyear_Tire_and_Rubber_Company; score:0.036704
	FP => chief:[951,956]; score:1.000000; title:Chief_executive_officer; score:0.062844
	FP => fell:[2091,2095]; score:1.000000; title:Fell; score:0.007238
	FP => chain:[3341,3346]; score:1.000000; title:Chain_store; score:0.034363
	FP => company:[3490,3497]; score:1.000000; title:Company; score:0.046572
 => Sirius Satellite Radio:[3854,3876]; score:1.000000; title:Sirius_Satellite_Radio; score:0.038521
	FP => fell:[1573,1577]; score:1.000000; title:Fell; score:0.007238
	FP => heart failure:[3805,3818]; score:1.000000; title:Heart_failure; score:0.029145
	FP => month:[4173,4178]; score:1.000000; title:Month; score:0.050086
 => Home Depot Inc.:[295,310]; score:1.000000; title:The_Home_Depot; score:0.034769
	FP => signals:[2675,2682]; score:1.000000; title:Military_communications; score:0.009123
	FP => resigned:[3290,3298]; score:1.000000; title:Resignation; score:0.024990
	FP => Bond:[1625,1629]; score:1.000000; title:Bond_(finance); score:0.092965
	FP => balance:[1655,1662]; score:1.000000; title:Balance_beam; score:0.013547
 => New Year’s:[4710,4720]; score:1.000000; title:New_Year; score:0.038412
	FP => stock:[628,633]; score:1.000000; title:Stock_market; score:0.133864
	FP => rose:[1476,1480]; score:1.000000; title:Rose; score:0.057089
	FP => fell:[2119,2123]; score:1.000000; title:Fell; score:0.007238
	FP => news:[3678,3682]; score:1.000000; title:News_Corporation; score:0.047285
	FP => division:[1713,1721]; score:1.000000; title:Division_(business); score:0.027312
	FP => News:[3267,3271]; score:1.000000; title:News_Corporation; score:0.047285
	FP => mild:[2190,2194]; score:1.000000; title:Mild_ale; score:0.006109
	FP => November:[2925,2933]; score:1.000000; title:November_12; score:0.023779
	FP => spending:[2869,2877]; score:1.000000; title:Consumption_(economics); score:0.035096
	FP => early:[1993,1998]; score:1.000000; title:Early_modern_Europe; score:0.022917
	FP => days:[2434,2438]; score:1.000000; title:Iran_hostage_crisis; score:0.030807
	FP => reading:[2618,2625]; score:1.000000; title:Reading,_Pennsylvania; score:0.035441
 => Dow:[1115,1118]; score:1.000000; title:Dow_Jones_Industrial_Average; score:0.124119
	FP => Sept. 11, 2001:[2468,2482]; score:1.000000; title:September_11_attacks; score:0.065760
	FP => Friday:[1617,1623]; score:1.000000; title:Friday_the_13th; score:0.023568
	FP => percent:[3904,3911]; score:1.000000; title:Percentage; score:0.043843
	FP => corporate:[3668,3677]; score:1.000000; title:Corporation; score:0.067820
	FP => spending:[837,845]; score:1.000000; title:Consumption_(economics); score:0.035096
	FP => Friday:[4666,4672]; score:1.000000; title:Friday_the_13th; score:0.023568
	FP => December:[718,726]; score:1.000000; title:December; score:0.035381
	FP => NEW YORK:[105,113]; score:1.000000; title:New_York; score:0.048216
	FP => contraction:[2788,2799]; score:1.000000; title:Recession; score:0.074041
	FP => payroll:[1725,1732]; score:1.000000; title:Payroll; score:0.031584
	FP => percent:[4913,4920]; score:1.000000; title:Percentage; score:0.043843
	FP => figure:[2733,2739]; score:1.000000; title:Figure_skating; score:0.019607
	FP => straight:[2979,2987]; score:1.000000; title:The_Georgia_Straight; score:0.019510
	FP => Goldman:[942,949]; score:1.000000; title:Goldman_Sachs; score:0.082206
	FP => rose:[3574,3578]; score:1.000000; title:Rose; score:0.057089
	FP => months:[3181,3187]; score:1.000000; title:Month; score:0.050086
	FP => recovery:[4403,4411]; score:1.000000; title:Recovery_(Eminem_album); score:0.005247
	FP => percent:[4461,4468]; score:1.000000; title:Percentage; score:0.043843
	FP => volume:[4577,4583]; score:1.000000; title:Volume; score:0.020994
	FP => sales:[3454,3459]; score:1.000000; title:Sales; score:0.060698
	FP => report:[1928,1934]; score:1.000000; title:Report; score:0.059884
	FP => weather:[2195,2202]; score:1.000000; title:Weather; score:0.028505
	FP => news:[3743,3747]; score:1.000000; title:News_Corporation; score:0.047285
	FP => week:[4139,4143]; score:1.000000; title:Week; score:0.021649
	FP => Stocks:[116,122]; score:1.000000; title:Stocks; score:0.081249
	FP => President:[2356,2365]; score:1.000000; title:President; score:0.051543
	FP => hold:[2217,2221]; score:1.000000; title:Hold_(ship); score:0.009131
	FP => percent:[1377,1384]; score:1.000000; title:Percentage; score:0.043843
	FP => percent:[2914,2921]; score:1.000000; title:Percentage; score:0.043843
	FP => home improvement:[3324,3340]; score:1.000000; title:Home_improvement; score:0.033477
	FP => percent:[4954,4961]; score:1.000000; title:Percentage; score:0.043843
	FP => chairman:[531,539]; score:1.000000; title:Chairman; score:0.062118
	FP => percent:[3469,3476]; score:1.000000; title:Percentage; score:0.043843
	FP => percent:[3981,3988]; score:1.000000; title:Percentage; score:0.043843
	FP => manufacturing:[727,740]; score:1.000000; title:Manufacturing; score:0.056129
	FP => years:[2815,2820]; score:1.000000; title:Year; score:0.045552
	FP => percent:[4997,5004]; score:1.000000; title:Percentage; score:0.043843
	FP => chief executive:[4361,4376]; score:1.000000; title:Chief_executive_officer; score:0.062844
	FP => investors:[2540,2549]; score:1.000000; title:Investor; score:0.063579
	FP => funeral:[2345,2352]; score:1.000000; title:Funeral; score:0.030987
	FP => stronger:[685,693]; score:1.000000; title:Jamelia; score:0.009764
 => FTSE 100:[4889,4897]; score:1.000000; title:FTSE_100_Index; score:0.071211
	FP => billion:[4597,4604]; score:1.000000; title:Long_and_short_scales; score:0.006821
	FP => loss:[4326,4330]; score:1.000000; title:Win–loss_record_(pitching); score:0.015726
	FP => point:[4660,4665]; score:1.000000; title:CNN; score:0.073875
	FP => stock:[1232,1237]; score:1.000000; title:Stock_market; score:0.133864
 => U.S.:[4279,4283]; score:1.000000; title:United_States; score:0.049544
	FP => jumping:[1169,1176]; score:1.000000; title:Jumping; score:0.007184
	FP => reading:[2658,2665]; score:1.000000; title:Reading,_Pennsylvania; score:0.035441
	FP => boost:[2839,2844]; score:1.000000; title:Boost_Mobile; score:0.025536
 => Commerce Department:[2999,3018]; score:1.000000; title:United_States_Department_of_Commerce; score:0.041583
	FP => Bonds:[1470,1475]; score:1.000000; title:Barry_Bonds; score:0.032751
	FP => times:[401,406]; score:1.000000; title:The_Times; score:0.056636
	FP => percent:[1445,1452]; score:1.000000; title:Percentage; score:0.043843
	FP => ISM:[2573,2576]; score:1.000000; title:International_Solidarity_Movement; score:0.012050
	FP => December:[1825,1833]; score:1.000000; title:December; score:0.035381
 => Amgen:[3820,3825]; score:1.000000; title:Amgen; score:0.034632
	FP => reason:[241,247]; score:1.000000; title:Reason_(magazine); score:0.020771
 => ADP:[1772,1775]; score:1.000000; title:Automatic_Data_Processing; score:0.023154
	FP => expected:[2646,2654]; score:1.000000; title:Expected_value; score:0.039382
	FP => natural gas:[2289,2300]; score:1.000000; title:Natural_gas; score:0.056246
	FP => major:[2055,2060]; score:1.000000; title:Major_League_Baseball; score:0.049050
	FP => construction:[824,836]; score:1.000000; title:Construction; score:0.050323
	FP => heating oil:[2273,2284]; score:1.000000; title:Heating_oil; score:0.035241
	FP => benchmark:[1541,1550]; score:1.000000; title:Benchmarking; score:0.045606
	FP => company:[618,625]; score:1.000000; title:Company; score:0.046572
	FP => resigned:[564,572]; score:1.000000; title:Resignation; score:0.024990
	FP => sentiment:[383,392]; score:1.000000; title:Sentimental_novel; score:0.005964
	FP => fell:[4442,4446]; score:1.000000; title:Fell; score:0.007238
	FP => gains:[1860,1865]; score:1.000000; title:Gain; score:0.011101
	FP => construction:[2856,2868]; score:1.000000; title:Construction; score:0.050323
	FP => trading:[1194,1201]; score:1.000000; title:Trader_(finance); score:0.082762
	FP => number:[859,865]; score:1.000000; title:Toll-free_telephone_number; score:0.016320
	FP => volume:[4690,4696]; score:1.000000; title:Volume; score:0.020994
	FP => market:[957,963]; score:1.000000; title:Market_capitalization; score:0.105425
	FP => advance:[1515,1522]; score:1.000000; title:Advance_Publications; score:0.035169
	FP => forecast:[3500,3508]; score:1.000000; title:Forecasting; score:0.025453
	FP => markets:[2310,2317]; score:1.000000; title:Market; score:0.075511
 => Wall Street:[2382,2393]; score:1.000000; title:Wall_Street; score:0.086692
	FP => early:[1086,1091]; score:1.000000; title:Early_modern_Europe; score:0.022917
	FP => private sector:[1781,1795]; score:1.000000; title:Private_sector; score:0.044974
	FP => higher:[137,143]; score:1.000000; title:Tiffany_(singer); score:0.019239
	FP => percent:[4076,4083]; score:1.000000; title:Percentage; score:0.043843
	FP => Stocks:[0,6]; score:1.000000; title:Stocks; score:0.081249
	FP => retailers:[285,294]; score:1.000000; title:Retail; score:0.045834
	FP => radio:[3932,3937]; score:1.000000; title:Radio; score:0.050800
	FP => gains:[1317,1322]; score:1.000000; title:Gain; score:0.011101
	FP => builder:[4284,4291]; score:1.000000; title:Laundry_detergent; score:0.006662
	FP => percent:[3554,3561]; score:1.000000; title:Percentage; score:0.043843
	FP => support:[1049,1056]; score:1.000000; title:Support_group; score:0.018798
	FP => fell:[908,912]; score:1.000000; title:Fell; score:0.007238
	FP => December:[3434,3442]; score:1.000000; title:December; score:0.035381
	FP => big:[1511,1514]; score:1.000000; title:London_Biggin_Hill_Airport; score:0.005795
	FP => cutting:[2254,2261]; score:1.000000; title:Cutting_(plant); score:0.018651
	FP => employment:[1796,1806]; score:1.000000; title:Employment; score:0.042237
	FP => fell:[2954,2958]; score:1.000000; title:Fell; score:0.007238
	FP => post:[4319,4323]; score:1.000000; title:The_Washington_Post; score:0.055242
 => Nikkei stock average:[4839,4859]; score:1.000000; title:Nikkei_225; score:0.109239
	FP => tech:[1407,1411]; score:1.000000; title:Technology; score:0.051543
	FP => rate:[3094,3098]; score:1.000000; title:Rates_(tax); score:0.017066
	FP => barrel:[2144,2150]; score:1.000000; title:Barrel; score:0.035189
 => Wal-Mart:[3610,3618]; score:1.000000; title:Walmart; score:0.051487
	FP => first time:[2759,2769]; score:1.000000; title:Zooropa; score:0.005168
	FP => day:[4676,4679]; score:1.000000; title:Days_of_our_Lives; score:0.020051
	FP => investors:[1899,1908]; score:1.000000; title:Investor; score:0.063579
	FP => building:[3033,3041]; score:1.000000; title:Building; score:0.025511
	FP => Market:[42,48]; score:1.000000; title:Market_capitalization; score:0.105425
	FP => company:[1733,1740]; score:1.000000; title:Company; score:0.046572
	FP => expected:[699,707]; score:1.000000; title:Expected_value; score:0.039382
	FP => report:[3399,3405]; score:1.000000; title:Report; score:0.059884
	FP => stronger:[2600,2608]; score:1.000000; title:Jamelia; score:0.009764
	FP => terrorist:[2484,2493]; score:1.000000; title:Terrorism; score:0.052100
	FP => shares:[4605,4611]; score:1.000000; title:Share_(finance); score:0.072072
	FP => production:[4200,4210]; score:1.000000; title:Record_producer; score:0.023328
	FP => demand:[2262,2268]; score:1.000000; title:Demand_(economics); score:0.035543
	FP => growth:[3514,3520]; score:1.000000; title:Growth_hormone; score:0.020839
	FP => ISM:[1667,1670]; score:1.000000; title:International_Solidarity_Movement; score:0.012050
	FP => year:[4017,4021]; score:1.000000; title:Year; score:0.045552
	FP => months:[1850,1856]; score:1.000000; title:Month; score:0.050086
precision:0.113970585; recall:0.6888889; f1:0.1955836; tpCount:31.0; fpCount:241.0; fnCount:14.0
